<?xml version="1.0" encoding="UTF-8"?>
<!-- Generated by org.testng.reporters.JUnitReportReporter -->
<testsuite hostname="COLLABPH1002991" failures="0" tests="1" name="scripts.TC1_CreateAccount" time="61.086" errors="0" timestamp="2023-10-31T17:43:27 PST" skipped="0">
  <testcase classname="scripts.TC1_CreateAccount" name="creatAccount" time="61.086"/>
  <system-out/>
</testsuite> <!-- scripts.TC1_CreateAccount -->
