<?xml version="1.0" encoding="UTF-8"?>
<!-- Generated by org.testng.reporters.JUnitReportReporter -->
<testsuite hostname="COLLABPH1002991" failures="0" tests="1" name="scripts.OpenAndNavigateApp" time="53.045" errors="0" timestamp="2023-10-31T16:55:00 PST" skipped="0">
  <testcase classname="scripts.OpenAndNavigateApp" name="navigateFirstPageLanguage" time="53.045"/>
  <system-out/>
</testsuite> <!-- scripts.OpenAndNavigateApp -->
